[ 33%] Building CXX object CMakeFiles/lab.dir/solution.cpp.o
[ 33%] Building CXX object CMakeFiles/validate.dir/solution.cpp.o
/Users/hanchenliu/Documents/GitHub/perf-ninja/labs/memory_bound/loop_interchange_2/solution.cpp:42:7: remark: the cost-model indicates that interleaving is not beneficial [-Rpass-analysis=loop-vectorize]
   42 |       for(int c = 0; c < width; c++){
      |       ^
/Users/hanchenliu/Documents/GitHub/perf-ninja/labs/memory_bound/loop_interchange_2/solution.cpp:42:7: remark: vectorized loop (vectorization width: 16, interleaved count: 1) [-Rpass=loop-vectorize]
/Users/hanchenliu/Documents/GitHub/perf-ninja/labs/memory_bound/loop_interchange_2/solution.cpp:31:9: remark: the cost-model indicates that interleaving is not beneficial [-Rpass-analysis=loop-vectorize]
   31 |         for(int c = 0; c < width; c++){
      |         ^
/Users/hanchenliu/Documents/GitHub/perf-ninja/labs/memory_bound/loop_interchange_2/solution.cpp:31:9: remark: vectorized loop (vectorization width: 16, interleaved count: 1) [-Rpass=loop-vectorize]
/Users/hanchenliu/Documents/GitHub/perf-ninja/labs/memory_bound/loop_interchange_2/solution.cpp:42:7: remark: the cost-model indicates that interleaving is not beneficial [-Rpass-analysis=loop-vectorize]
   42 |       for(int c = 0; c < width; c++){
      |       ^
/Users/hanchenliu/Documents/GitHub/perf-ninja/labs/memory_bound/loop_interchange_2/solution.cpp:53:5: remark: the cost-model indicates that interleaving is not beneficial [-Rpass-analysis=loop-vectorize]
   53 |    /Users/hanchenliu/Documents/GitHub/perf-ninja/labs/memory_bound/loop_interchange_2/solution.cpp:42:7: remark: vectorized loop (vectorization width: 16, interleaved count: 1) [-Rpass=loop-vectorize]
 for (int r = radius; r < height - radius; r++) {
      |     ^
/Users/hanchenliu/Documents/GitHub/perf-ninja/labs/memory_bound/loop_interchange_2/solution.cpp:31:9: remark: the cost-model indicates that interleaving is not beneficial [-Rpass-analysis=loop-vectorize]
   31 |         for(int c = 0; c < width; c++){
      |         ^
/Users/hanchenliu/Documents/GitHub/perf-ninja/labs/memory_bound/loop_interchange_2/solution.cpp:53:5: remark: vectorized loop (vectorization width: 16, interleaved count: 1) [-Rpass=loop-vectorize]
/Users/hanchenliu/Documents/GitHub/perf-ninja/labs/memory_bound/loop_interchange_2/solution.cpp:31:9: remark: vectorized loop (vectorization width: 16, interleaved count: 1) [-Rpass=loop-vectorize]
/Users/hanchenliu/Documents/GitHub/perf-ninja/labs/memory_bound/loop_interchange_2/solution.cpp:53:5: remark: the cost-model indicates that interleaving is not beneficial [-Rpass-analysis=loop-vectorize]
   53 |     for (int r = radius; r < height - radius; r++) {
      |     ^
/Users/hanchenliu/Documents/GitHub/perf-ninja/labs/memory_bound/loop_interchange_2/solution.cpp:74:7: remark: vectorized loop (vectorization width: 16, interleaved count: 2) [-Rpass=loop-vectorize]
   74 |       for (int y = r - radius; y < height; y++) {
      |       ^
/Users/hanchenliu/Documents/GitHub/perf-ninja/labs/memory_bound/loop_interchange_2/solution.cpp:53:5: remark: vectorized loop (vectorization width: 16, interleaved count: 1) [-Rpass=loop-vectorize]
/Users/hanchenliu/Documents/GitHub/perf-ninja/labs/memory_bound/loop_interchange_2/solution.cpp:131:7: remark: vectorized loop (vectorization width: 16, interleaved count: 2) [-Rpass=loop-vectorize]
  131 |       for (int x = c - radius; x < width; x++) {
      |       ^
/Users/hanchenliu/Documents/GitHub/perf-ninja/labs/memory_bound/loop_interchange_2/solution.cpp:74:7: remark: vectorized loop (vectorization width: 16, interleaved count: 2) [-Rpass=loop-vectorize]
   74 |       for (int y = r - radius; y < height; y++) {
      |       ^
/Users/hanchenliu/Documents/GitHub/perf-ninja/labs/memory_bound/loop_interchange_2/solution.cpp:113:5: remark: the cost-model indicates that interleaving is not beneficial [-Rpass-analysis=loop-vectorize]
  113 |     for (int c = radius; c < width - radius; c++) {
      |     ^
/Users/hanchenliu/Documents/GitHub/perf-ninja/labs/memory_bound/loop_interchange_2/solution.cpp:113:5: remark: vectorized loop (vectorization width: 16, interleaved count: 1) [-Rpass=loop-vectorize]
/Users/hanchenliu/Documents/GitHub/perf-ninja/labs/memory_bound/loop_interchange_2/solution.cpp:131:7: remark: vectorized loop (vectorization width: 16, interleaved count: 2) [-Rpass=loop-vectorize]
  131 |       for (int x = c - radius; x < width; x++) {
      |       ^
/Users/hanchenliu/Documents/GitHub/perf-ninja/labs/memory_bound/loop_interchange_2/solution.cpp:113:5: remark: the cost-model indicates that interleaving is not beneficial [-Rpass-analysis=loop-vectorize]
  113 |     for (int c = radius; c < width - radius; c++) {
      |     ^
/Users/hanchenliu/Documents/GitHub/perf-ninja/labs/memory_bound/loop_interchange_2/solution.cpp:101:7: remark: vectorized loop (vectorization width: 16, interleaved count: 2) [-Rpass=loop-vectorize]
  101 |       for (int x = 0; x <= std::min(c + radius, width - 1); x++) {
      |       ^
/Users/hanchenliu/Documents/GitHub/perf-ninja/labs/memory_bound/loop_interchange_2/solution.cpp:113:5: remark: vectorized loop (vectorization width: 16, interleaved count: 1) [-Rpass=loop-vectorize]
/Users/hanchenliu/Documents/GitHub/perf-ninja/labs/memory_bound/loop_interchange_2/solution.cpp:101:7: remark: vectorized loop (vectorization width: 16, interleaved count: 2) [-Rpass=loop-vectorize]
  101 |       for (int x = 0; x <= std::min(c + radius, width - 1); x++) {
      |       ^
In file included from /Users/hanchenliu/Documents/GitHub/perf-ninja/labs/memory_bound/loop_interchange_2/solution.cpp:4:
In file included from /Library/Developer/CommandLineTools/SDKs/MacOSX.sdk/usr/include/c++/v1/fstream:198:
In file included from /Library/Developer/CommandLineTools/SDKs/MacOSX.sdk/usr/include/c++/v1/__filesystem/path.h:29:
In file included from /Library/Developer/CommandLineTools/SDKs/MacOSX.sdk/usr/include/c++/v1/iomanip:55:
In file included from /Library/Developer/CommandLineTools/SDKs/MacOSX.sdk/usr/include/c++/v1/locale:219:
/Library/Developer/CommandLineTools/SDKs/MacOSX.sdk/usr/include/c++/v1/streambuf:200:14: remark: loop not vectorized: loop contains a switch statement [-Rpass-analysis=loop-vectorize]
  200 |       return underflow();
      |              ^
In file included from /Users/hanchenliu/Documents/GitHub/perf-ninja/labs/memory_bound/loop_interchange_2/solution.cpp:4:
In file included from /Library/Developer/CommandLineTools/SDKs/MacOSX.sdk/usr/include/c++/v1/fstream:198:
In file included from /Library/Developer/CommandLineTools/SDKs/MacOSX.sdk/usr/include/c++/v1/__filesystem/path.h:29:
In file included from /Library/Developer/CommandLineTools/SDKs/MacOSX.sdk/usr/include/c++/v1/iomanip:559:
/Library/Developer/CommandLineTools/SDKs/MacOSX.sdk/usr/include/c++/v1/istream:1233:7: remark: loop not vectorized: instruction cannot be vectorized [-Rpass-analysis=loop-vectorize]
 1233 |       while (__c < __n) {
      |       ^
/Library/Developer/CommandLineTools/SDKs/MacOSX.sdk/usr/include/c++/v1/istream:1233:7: remark: loop not vectorized: could not determine number of loop iterations [-Rpass-analysis=loop-vectorize]
/Library/Developer/CommandLineTools/SDKs/MacOSX.sdk/usr/include/c++/v1/istream:1233:7: remark: loop not vectorized [-Rpass-missed=loop-vectorize]
In file included from /Users/hanchenliu/Documents/GitHub/perf-ninja/labs/memory_bound/loop_interchange_2/solution.cpp:4:
In file included from /Library/Developer/CommandLineTools/SDKs/MacOSX.sdk/usr/include/c++/v1/fstream:198:
In file included from /Library/Developer/CommandLineTools/SDKs/MacOSX.sdk/usr/include/c++/v1/__filesystem/path.h:29:
In file included from /Library/Developer/CommandLineTools/SDKs/MacOSX.sdk/usr/include/c++/v1/iomanip:55:
In file included from /Library/Developer/CommandLineTools/SDKs/MacOSX.sdk/usr/include/c++/v1/locale:219:
/Library/Developer/CommandLineTools/SDKs/MacOSX.sdk/usr/include/c++/v1/streambuf:200:14: remark: loop not vectorized: loop contains a switch statement [-Rpass-analysis=loop-vectorize]
  200 |       return underflow();
      |              ^
In file included from /Users/hanchenliu/Documents/GitHub/perf-ninja/labs/memory_bound/loop_interchange_2/solution.cpp:4:
In file included from /Library/Developer/CommandLineTools/SDKs/MacOSX.sdk/usr/include/c++/v1/fstream:198:
In file included from /Library/Developer/CommandLineTools/SDKs/MacOSX.sdk/usr/include/c++/v1/__filesystem/path.h:29:
In file included from /Library/Developer/CommandLineTools/SDKs/MacOSX.sdk/usr/include/c++/v1/iomanip:559:
/Library/Developer/CommandLineTools/SDKs/MacOSX.sdk/usr/include/c++/v1/istream:1233:7: remark: loop not vectorized: instruction cannot be vectorized [-Rpass-analysis=loop-vectorize]
 1233 |       while (__c < __n) {
      |       ^
/Library/Developer/CommandLineTools/SDKs/MacOSX.sdk/usr/include/c++/v1/istream:1233:7: remark: loop not vectorized: could not determine number of loop iterations [-Rpass-analysis=loop-vectorize]
/Library/Developer/CommandLineTools/SDKs/MacOSX.sdk/usr/include/c++/v1/istream:1233:7: remark: loop not vectorized [-Rpass-missed=loop-vectorize]
[ 66%] Linking CXX executable validate
[ 66%] Linking CXX executable lab
[100%] Built target lab
[100%] Built target validate
